[Tue Jan 25 14:17:15 CET 2022] User Heimbrodt-> Uploaded x.pdf
[Tue Jan 25 14:17:15 CET 2022] User Heimbrodt-> Copied Server/Twitter/Mitarbeiter/Heimbrodt/Files/x.pdf to Server/Twitter/Mitarbeiter/Heimbrodt/Files/x1.pdf
[Tue Jan 25 14:17:15 CET 2022] User Heimbrodt-> Moved Server/Twitter/Mitarbeiter/Heimbrodt/Files/x1.pdf to Server/Twitter/Mitarbeiter/Heimbrodt/Files/x2.pdf
[Tue Jan 25 14:48:50 CET 2022] User Heimbrodt-> Uploaded x.pdf
[Tue Jan 25 15:29:11 CET 2022] User Heimbrodt-> Uploaded x.pdf
[Tue Jan 25 15:29:51 CET 2022] User Heimbrodt-> Uploaded x.pdf
[Tue Jan 25 16:03:22 CET 2022] User Heimbrodt-> Uploaded x.pdf
[Tue Jan 25 16:08:58 CET 2022] User Heimbrodt-> Deleted wildes/x.pdf
[Tue Jan 25 16:10:38 CET 2022] User Heimbrodt-> Uploaded x.pdf
[Tue Jan 25 16:10:42 CET 2022] User Heimbrodt-> Deleted wildes/x.pdf
[Tue Jan 25 16:12:13 CET 2022] User Heimbrodt-> Deleted wildes/.DS_Store
[Tue Jan 25 16:15:46 CET 2022] User Heimbrodt-> Uploaded /Users/stenh/wildes2/i.pdf to /Users/stenh/eclipse-workspace/SharedBoxUltimate/Server/Twitter/Mitarbeiter/Heimbrodt/Files/i.pdf
[Tue Jan 25 16:15:46 CET 2022] User Heimbrodt-> Uploaded /Users/stenh/wildes2/i2.pdf to /Users/stenh/eclipse-workspace/SharedBoxUltimate/Server/Twitter/Mitarbeiter/Heimbrodt/Files/i2.pdf
[Tue Jan 25 16:18:11 CET 2022] User Heimbrodt-> Uploaded /Users/stenh/wildes2 to /Users/stenh/eclipse-workspace/SharedBoxUltimate/Server/Twitter/Mitarbeiter/Heimbrodt/Files/wildes2
[Tue Jan 25 16:18:11 CET 2022] User Heimbrodt-> Uploaded /Users/stenh/wildes2/i.pdf to /Users/stenh/eclipse-workspace/SharedBoxUltimate/Server/Twitter/Mitarbeiter/Heimbrodt/Files/wildes2/i.pdf
[Tue Jan 25 16:18:11 CET 2022] User Heimbrodt-> Uploaded /Users/stenh/wildes2/i2.pdf to /Users/stenh/eclipse-workspace/SharedBoxUltimate/Server/Twitter/Mitarbeiter/Heimbrodt/Files/wildes2/i2.pdf
[Tue Jan 25 16:41:46 CET 2022] User Heimbrodt-> Deleted wildes2/x.pdf
[Tue Jan 25 16:48:13 CET 2022] User Heimbrodt-> Deleted wildes/wildes2
[Tue Jan 25 16:49:57 CET 2022] User Heimbrodt-> Deleted wildes/wildes2
[Tue Jan 25 16:51:18 CET 2022] User Heimbrodt-> Deleted wildes/wildes2
[Tue Jan 25 16:52:25 CET 2022] User Heimbrodt-> Deleted i.pdf
[Tue Jan 25 16:52:27 CET 2022] User Heimbrodt-> Copied Server/Twitter/Mitarbeiter/Heimbrodt/Files/wildes/i.pdf to Server/Twitter/Mitarbeiter/Heimbrodt/Files/i.pdf
[Tue Jan 25 16:52:30 CET 2022] User Heimbrodt-> Deleted i.pdf
[Tue Jan 25 16:52:32 CET 2022] User Heimbrodt-> Copied Server/Twitter/Mitarbeiter/Heimbrodt/Files/wildes/i.pdf to Server/Twitter/Mitarbeiter/Heimbrodt/Files/i.pdf
[Tue Jan 25 17:01:50 CET 2022] User Heimbrodt-> Deleted wildes/wildes2
[Tue Jan 25 17:03:34 CET 2022] User Heimbrodt-> Deleted wildes/wildes2
[Tue Jan 25 17:04:36 CET 2022] User Heimbrodt-> Deleted wildes/wildes2
[Tue Jan 25 17:06:09 CET 2022] User Heimbrodt-> Deleted wildes/wildes2
[Tue Jan 25 17:06:51 CET 2022] User Heimbrodt-> Deleted wildes/wildes2
[Tue Jan 25 17:08:23 CET 2022] User Heimbrodt-> Deleted wildes/wildes2
[Tue Jan 25 17:08:29 CET 2022] User Heimbrodt-> Deleted wildes/wildes2
[Tue Jan 25 17:08:38 CET 2022] User Heimbrodt-> Deleted wildes/wildes2/wildes2.log
[Tue Jan 25 17:08:41 CET 2022] User Heimbrodt-> Deleted wildes/wildes2/i.pdf
[Tue Jan 25 17:08:43 CET 2022] User Heimbrodt-> Deleted wildes/wildes2/i2.pdf
[Tue Jan 25 17:08:46 CET 2022] User Heimbrodt-> Deleted wildes/wildes2
[Tue Jan 25 17:15:52 CET 2022] User Heimbrodt-> Copied Server/Twitter/Mitarbeiter/Heimbrodt/Files/wildes/x.pdf to Server/Twitter/Mitarbeiter/Heimbrodt/Files/x.pdf
[Tue Jan 25 17:16:03 CET 2022] User Heimbrodt-> Deleted wildes/wildes2/wildes2.log
[Tue Jan 25 17:16:05 CET 2022] User Heimbrodt-> Deleted wildes/wildes2/i.pdf
[Tue Jan 25 17:16:07 CET 2022] User Heimbrodt-> Deleted wildes/wildes2/i2.pdf
[Tue Jan 25 17:16:11 CET 2022] User Heimbrodt-> Deleted wildes/wildes2
[Tue Jan 25 17:18:06 CET 2022] User Heimbrodt-> Copied Server/Twitter/Mitarbeiter/Heimbrodt/Files/wildes/wildes2 to Server/Twitter/Mitarbeiter/Heimbrodt/Files/wildes2
[Tue Jan 25 17:22:35 CET 2022] User Heimbrodt-> Deleted wildes/wildes2
[Tue Jan 25 18:15:53 CET 2022] User Heimbrodt-> Copied Server/Twitter/Mitarbeiter/Heimbrodt/Files/x2.pdf to Server/Twitter/Mitarbeiter/Heimbrodt/Files/y.pdf
[Tue Jan 25 18:16:06 CET 2022] User Heimbrodt-> Copied Server/Twitter/Mitarbeiter/Heimbrodt/Files/y.pdf to Server/Twitter/Mitarbeiter/Heimbrodt/Files/x2.pdf
[Tue Jan 25 18:16:36 CET 2022] User Heimbrodt-> Deleted wildes/wildes2/wildes2/i.pdf
[Tue Jan 25 18:16:42 CET 2022] User Heimbrodt-> Deleted wildes/wildes2
[Tue Jan 25 18:25:23 CET 2022] User Heimbrodt-> Deleted null
[Tue Jan 25 19:01:04 CET 2022] User Heimbrodt-> Copied Server/Twitter/Mitarbeiter/Heimbrodt/Files/x2.pdf to Server/Twitter/Mitarbeiter/Heimbrodt/Files/y.pdf
[Tue Jan 25 19:01:11 CET 2022] User Heimbrodt-> Deleted y.pdf
[Tue Jan 25 19:01:38 CET 2022] User Heimbrodt-> Uploaded x.pdf
[Wed Jan 26 14:31:41 CET 2022] User Heimbrodt-> Uploaded bla.py
[Wed Jan 26 14:31:45 CET 2022] User Heimbrodt-> Deleted bla.py
[Wed Jan 26 15:07:18 CET 2022] User Heimbrodt-> Deleted asd
[Wed Jan 26 15:07:47 CET 2022] User Heimbrodt-> Uploaded asd.tex
[Wed Jan 26 15:10:52 CET 2022] User Heimbrodt-> Deleted wildes/wildes
[Wed Jan 26 16:34:52 CET 2022] User Heimbrodt-> Copied Server/Twitter/Mitarbeiter/Heimbrodt/Files/.DS_Store to Server/Twitter/Mitarbeiter/Heimbrodt/Files/.DS_Store
[Wed Jan 26 16:35:06 CET 2022] User Heimbrodt-> Copied Server/Twitter/Mitarbeiter/Heimbrodt/Files/.DS_Store to Server/Twitter/Mitarbeiter/Heimbrodt/Files/a
